<?xml version="1.0" encoding="UTF-8"?>
<!-- Generated by org.testng.reporters.JUnitXMLReporter -->
<testsuite hostname="HOME-PC" ignored="0" tests="3" failures="0" timestamp="20 ноя 2020 22:39:57 GMT" time="8.848" errors="0">
  <testcase name="loginInto" time="2.055" classname="GithubTestAndPreprodEnvironments"/>
  <testcase name="inspectMainPage" time="0.037" classname="GithubTestAndPreprodEnvironments"/>
  <testcase name="logoutFromGithub" time="2.012" classname="GithubTestAndPreprodEnvironments"/>
</testsuite>
